<?xml version="1.0" encoding="UTF-8"?>
<testsuite name="RestAssuredProject"
           tests="3"
           failures="0"
           errors="0"
           skipped="0"
           time="0.062">
    <properties></properties>



            <testcase
                name="getBookingID"
                time="0.002"
                classname="com.thetestingacademy.ex_25062024.Lab283">
            </testcase>
            <testcase
                name="testPTReq"
                time="0.003"
                classname="com.thetestingacademy.ex_25062024.Lab283">
            </testcase>
            <testcase
                name="getToken"
                time="0.057"
                classname="com.thetestingacademy.ex_25062024.Lab283">
            </testcase>
</testsuite>
