<?xml version="1.0" encoding="UTF-8"?>
<testsuite name="RestAssuredProject"
           tests="2"
           failures="0"
           errors="0"
           skipped="0"
           time="1.739">
    <properties></properties>



            <testcase
                name="testNonBDDStylePOSTNegative"
                time="1.462"
                classname="com.thetestingacademy.ex_22062024.CRUD.POST.Lab272">
            </testcase>
            <testcase
                name="testNonBDDStylePOSTPositive"
                time="0.277"
                classname="com.thetestingacademy.ex_22062024.CRUD.POST.Lab272">
            </testcase>
</testsuite>
