<?xml version="1.0" encoding="UTF-8"?>
<testsuite name="RestAssuredProject"
           tests="2"
           failures="0"
           errors="0"
           skipped="0"
           time="0.060">
    <properties></properties>



            <testcase
                name="serverStartedOk"
                time="0.057"
                classname="com.thetestingacademy.ex_25062024.Lab281">
            </testcase>
            <testcase
                name="method1"
                time="0.003"
                classname="com.thetestingacademy.ex_25062024.Lab281">
            </testcase>
</testsuite>
