<?xml version="1.0" encoding="UTF-8"?>
<testsuite name="RestAssuredProject"
           tests="2"
           failures="0"
           errors="0"
           skipped="0"
           time="0.073">
    <properties></properties>



            <testcase
                name="testAuthToGetToken"
                time="0.002"
                classname="com.thetestingacademy.ex_25062024.Lab285">
            </testcase>
            <testcase
                name="testAuthToGetToken"
                time="0.071"
                classname="com.thetestingacademy.ex_25062024.Lab285">
            </testcase>
</testsuite>
