<?xml version="1.0" encoding="UTF-8"?>
<testsuite name="RestAssuredProject"
           tests="2"
           failures="0"
           errors="0"
           skipped="0"
           time="0.062">
    <properties></properties>



            <testcase
                name="getRequest"
                time="0.061"
                classname="com.thetestingacademy.testng.Lab262">
            </testcase>
            <testcase
                name="getRequest3"
                time="0.001"
                classname="com.thetestingacademy.testng.Lab262">
            </testcase>
</testsuite>
