<?xml version="1.0" encoding="UTF-8"?>
<testsuite name="RestAssuredProject"
           tests="2"
           failures="0"
           errors="0"
           skipped="0"
           time="2.205">
    <properties></properties>



            <testcase
                name="getRequest"
                time="2.079"
                classname="com.thetestingacademy.testng.Lab261">
            </testcase>
            <testcase
                name="getRequest2"
                time="0.126"
                classname="com.thetestingacademy.testng.Lab261">
            </testcase>
</testsuite>
